mode: set
github.com/JosePasiniMercadolibre/go-web-2-tt/internal/transacciones/repository.go:32.47,36.2 1 1
github.com/JosePasiniMercadolibre/go-web-2-tt/internal/transacciones/repository.go:38.54,41.16 3 1
github.com/JosePasiniMercadolibre/go-web-2-tt/internal/transacciones/repository.go:44.2,44.19 1 1
github.com/JosePasiniMercadolibre/go-web-2-tt/internal/transacciones/repository.go:41.16,43.3 1 0
github.com/JosePasiniMercadolibre/go-web-2-tt/internal/transacciones/repository.go:47.170,50.16 3 1
github.com/JosePasiniMercadolibre/go-web-2-tt/internal/transacciones/repository.go:53.2,55.42 3 1
github.com/JosePasiniMercadolibre/go-web-2-tt/internal/transacciones/repository.go:58.2,58.16 1 1
github.com/JosePasiniMercadolibre/go-web-2-tt/internal/transacciones/repository.go:50.16,52.3 1 0
github.com/JosePasiniMercadolibre/go-web-2-tt/internal/transacciones/repository.go:55.42,57.3 1 0
github.com/JosePasiniMercadolibre/go-web-2-tt/internal/transacciones/repository.go:61.44,63.42 2 1
github.com/JosePasiniMercadolibre/go-web-2-tt/internal/transacciones/repository.go:66.2,66.21 1 1
github.com/JosePasiniMercadolibre/go-web-2-tt/internal/transacciones/repository.go:69.2,69.36 1 1
github.com/JosePasiniMercadolibre/go-web-2-tt/internal/transacciones/repository.go:63.42,65.3 1 0
github.com/JosePasiniMercadolibre/go-web-2-tt/internal/transacciones/repository.go:66.21,68.3 1 0
github.com/JosePasiniMercadolibre/go-web-2-tt/internal/transacciones/repository.go:72.171,78.16 4 1
github.com/JosePasiniMercadolibre/go-web-2-tt/internal/transacciones/repository.go:82.2,84.23 2 1
github.com/JosePasiniMercadolibre/go-web-2-tt/internal/transacciones/repository.go:91.2,91.14 1 1
github.com/JosePasiniMercadolibre/go-web-2-tt/internal/transacciones/repository.go:95.2,95.42 1 1
github.com/JosePasiniMercadolibre/go-web-2-tt/internal/transacciones/repository.go:98.2,98.15 1 1
github.com/JosePasiniMercadolibre/go-web-2-tt/internal/transacciones/repository.go:78.16,80.3 1 0
github.com/JosePasiniMercadolibre/go-web-2-tt/internal/transacciones/repository.go:84.23,85.24 1 1
github.com/JosePasiniMercadolibre/go-web-2-tt/internal/transacciones/repository.go:85.24,89.4 3 1
github.com/JosePasiniMercadolibre/go-web-2-tt/internal/transacciones/repository.go:91.14,93.3 1 0
github.com/JosePasiniMercadolibre/go-web-2-tt/internal/transacciones/repository.go:95.42,97.3 1 0
github.com/JosePasiniMercadolibre/go-web-2-tt/internal/transacciones/repository.go:101.110,105.16 4 1
github.com/JosePasiniMercadolibre/go-web-2-tt/internal/transacciones/repository.go:108.2,110.23 2 1
github.com/JosePasiniMercadolibre/go-web-2-tt/internal/transacciones/repository.go:118.2,118.14 1 1
github.com/JosePasiniMercadolibre/go-web-2-tt/internal/transacciones/repository.go:121.2,121.42 1 1
github.com/JosePasiniMercadolibre/go-web-2-tt/internal/transacciones/repository.go:124.2,124.16 1 1
github.com/JosePasiniMercadolibre/go-web-2-tt/internal/transacciones/repository.go:105.16,107.3 1 0
github.com/JosePasiniMercadolibre/go-web-2-tt/internal/transacciones/repository.go:110.23,111.24 1 1
github.com/JosePasiniMercadolibre/go-web-2-tt/internal/transacciones/repository.go:111.24,116.4 4 1
github.com/JosePasiniMercadolibre/go-web-2-tt/internal/transacciones/repository.go:118.14,120.3 1 0
github.com/JosePasiniMercadolibre/go-web-2-tt/internal/transacciones/repository.go:121.42,123.3 1 0
github.com/JosePasiniMercadolibre/go-web-2-tt/internal/transacciones/repository.go:127.43,130.16 3 1
github.com/JosePasiniMercadolibre/go-web-2-tt/internal/transacciones/repository.go:133.2,135.23 3 1
github.com/JosePasiniMercadolibre/go-web-2-tt/internal/transacciones/repository.go:142.2,142.14 1 1
github.com/JosePasiniMercadolibre/go-web-2-tt/internal/transacciones/repository.go:146.2,147.42 2 1
github.com/JosePasiniMercadolibre/go-web-2-tt/internal/transacciones/repository.go:150.2,150.12 1 1
github.com/JosePasiniMercadolibre/go-web-2-tt/internal/transacciones/repository.go:130.16,132.3 1 0
github.com/JosePasiniMercadolibre/go-web-2-tt/internal/transacciones/repository.go:135.23,136.24 1 1
github.com/JosePasiniMercadolibre/go-web-2-tt/internal/transacciones/repository.go:136.24,139.4 2 1
github.com/JosePasiniMercadolibre/go-web-2-tt/internal/transacciones/repository.go:142.14,144.3 1 0
github.com/JosePasiniMercadolibre/go-web-2-tt/internal/transacciones/repository.go:147.42,149.3 1 0
github.com/JosePasiniMercadolibre/go-web-2-tt/internal/transacciones/service.go:15.39,17.2 1 1
github.com/JosePasiniMercadolibre/go-web-2-tt/internal/transacciones/service.go:19.51,21.16 2 1
github.com/JosePasiniMercadolibre/go-web-2-tt/internal/transacciones/service.go:24.2,24.27 1 1
github.com/JosePasiniMercadolibre/go-web-2-tt/internal/transacciones/service.go:21.16,23.3 1 0
github.com/JosePasiniMercadolibre/go-web-2-tt/internal/transacciones/service.go:27.167,30.16 2 0
github.com/JosePasiniMercadolibre/go-web-2-tt/internal/transacciones/service.go:33.2,36.16 3 0
github.com/JosePasiniMercadolibre/go-web-2-tt/internal/transacciones/service.go:39.2,39.25 1 0
github.com/JosePasiniMercadolibre/go-web-2-tt/internal/transacciones/service.go:30.16,32.3 1 0
github.com/JosePasiniMercadolibre/go-web-2-tt/internal/transacciones/service.go:36.16,38.3 1 0
github.com/JosePasiniMercadolibre/go-web-2-tt/internal/transacciones/service.go:42.168,44.2 1 0
github.com/JosePasiniMercadolibre/go-web-2-tt/internal/transacciones/service.go:46.107,48.2 1 0
github.com/JosePasiniMercadolibre/go-web-2-tt/internal/transacciones/service.go:50.40,52.2 1 0
